生成启动时间为 2014/5/21 21:47:00。
     1>项目“E:\学习\data stucture\data STL\吉页c++库\ch15\归并排序\归并排序.vcxproj”在节点 2 上(Build 个目标)。
     1>ClCompile:
         C:\Program Files\Microsoft Visual Studio 12.0\VC\bin\CL.exe /c /ZI /nologo /W3 /WX- /sdl /Od /Oy- /D _UNICODE /D UNICODE /Gm /EHsc /RTC1 /MDd /GS /fp:precise /Zc:wchar_t /Zc:forScope /Fo"Debug\\" /Fd"Debug\vc120.pdb" /Gd /TP /analyze- /errorReport:prompt myMain.cpp
         myMain.cpp
     1>e:\学习\data stucture\data stl\吉页c++库\include\y_sort.h(164): warning C4018: “<”: 有符号/无符号不匹配
                 e:\学习\data stucture\data stl\吉页c++库\include\y_sort.h(179): 参见对正在编译的函数 模板 实例化“void merge<int>(std::vector<int,std::allocator<_Ty>> &,int,int,int)”的引用
                 with
                 [
                     _Ty=int
                 ]
                 e:\学习\data stucture\data stl\吉页c++库\ch15\归并排序\mymain.cpp(31): 参见对正在编译的函数 模板 实例化“void mergeSort<int>(std::vector<int,std::allocator<_Ty>> &,int,int)”的引用
                 with
                 [
                     _Ty=int
                 ]
       Link:
         C:\Program Files\Microsoft Visual Studio 12.0\VC\bin\link.exe /ERRORREPORT:PROMPT /OUT:"E:\学习\data stucture\data STL\吉页c++库\ch15\归并排序\Debug\归并排序.exe" /INCREMENTAL /NOLOGO kernel32.lib user32.lib gdi32.lib winspool.lib comdlg32.lib advapi32.lib shell32.lib ole32.lib oleaut32.lib uuid.lib odbc32.lib odbccp32.lib /MANIFEST /MANIFESTUAC:"level='asInvoker' uiAccess='false'" /manifest:embed /DEBUG /PDB:"E:\学习\data stucture\data STL\吉页c++库\ch15\归并排序\Debug\归并排序.pdb" /TLBID:1 /DYNAMICBASE /NXCOMPAT /IMPLIB:"E:\学习\data stucture\data STL\吉页c++库\ch15\归并排序\Debug\归并排序.lib" /MACHINE:X86 Debug\myMain.obj
         归并排序.vcxproj -> E:\学习\data stucture\data STL\吉页c++库\ch15\归并排序\Debug\归并排序.exe
     1>已完成生成项目“E:\学习\data stucture\data STL\吉页c++库\ch15\归并排序\归并排序.vcxproj”(Build 个目标)的操作。

生成成功。

已用时间 00:00:01.35
